[ 2025-12-25 15:20:05,033 ] 1025 httpx - INFO - HTTP Request: POST https://dagshub.com/login/oauth/middleman "HTTP/1.1 200 OK"
[ 2025-12-25 15:20:05,973 ] 1025 httpx - INFO - HTTP Request: POST https://dagshub.com/login/oauth/access_token "HTTP/1.1 200 OK"
[ 2025-12-25 15:20:06,919 ] 1025 httpx - INFO - HTTP Request: GET https://dagshub.com/api/v1/user "HTTP/1.1 200 OK"
[ 2025-12-25 15:20:06,926 ] 107 dagshub - INFO - Accessing as venkannachowdary2000
[ 2025-12-25 15:20:08,043 ] 1025 httpx - INFO - HTTP Request: GET https://dagshub.com/api/v1/repos/venkannachowdary2000/mlopsproject "HTTP/1.1 200 OK"
[ 2025-12-25 15:20:08,990 ] 1025 httpx - INFO - HTTP Request: GET https://dagshub.com/api/v1/user "HTTP/1.1 200 OK"
[ 2025-12-25 15:20:08,990 ] 107 dagshub - INFO - Initialized MLflow to track repo "venkannachowdary2000/mlopsproject"
[ 2025-12-25 15:20:08,990 ] 107 dagshub - INFO - Repository venkannachowdary2000/mlopsproject initialized!
[ 2025-12-25 15:20:08,990 ] 22 root - INFO - initiate data ingestion config
[ 2025-12-25 15:20:08,990 ] 33 root - INFO - exporting the data from mongodb to the feature_store
[ 2025-12-25 15:20:09,387 ] 35 root - INFO - connected to mongodb client: MongoClient(host=['ac-ukexc6j-shard-00-00.cqybkzu.mongodb.net:27017', 'ac-ukexc6j-shard-00-01.cqybkzu.mongodb.net:27017', 'ac-ukexc6j-shard-00-02.cqybkzu.mongodb.net:27017'], document_class=dict, tz_aware=False, connect=True, retrywrites=True, w='majority', appname='Cluster0', authsource='admin', replicaset='atlas-nh1fg6-shard-0', tls=True)
[ 2025-12-25 15:20:09,387 ] 38 root - INFO - fetching the data from database: NetworkSecurity andcollection: NetworkData
[ 2025-12-25 15:20:13,106 ] 40 root - INFO - Data shape: (11055, 32)
[ 2025-12-25 15:20:13,121 ] 43 root - INFO - Data shape after dropping _id column: (11055, 31)
[ 2025-12-25 15:20:13,332 ] 47 root - INFO - Data saved to feature store: Artifacts\12_25_2025_15_19_39\data_ingestion\feature_store\PhisingData.csv
[ 2025-12-25 15:20:13,333 ] 55 root - INFO - perform train test split on data
[ 2025-12-25 15:20:13,473 ] 60 root - INFO - export to train and test file path: Artifacts\12_25_2025_15_19_39\data_ingestion\ingested\train.csv and Artifacts\12_25_2025_15_19_39\data_ingestion\ingested\test.csv
[ 2025-12-25 15:20:13,473 ] 24 root - INFO - data ingestion completed successfully
[ 2025-12-25 15:20:13,505 ] 28 root - INFO - initiate data validation config
[ 2025-12-25 15:20:13,550 ] 33 root - INFO - required number of columns:2
[ 2025-12-25 15:20:13,550 ] 34 root - INFO - Data frame has columns:31
[ 2025-12-25 15:20:13,550 ] 33 root - INFO - required number of columns:2
[ 2025-12-25 15:20:13,550 ] 34 root - INFO - Data frame has columns:31
[ 2025-12-25 15:20:13,975 ] 33 root - INFO - initiate data transformation config
[ 2025-12-25 15:20:13,975 ] 56 root - INFO - Entered initiate_data_transformation method of DataTransformation class
[ 2025-12-25 15:20:13,976 ] 58 root - INFO - starting data transformation
[ 2025-12-25 15:20:14,050 ] 44 root - INFO - entered get_data_transformer_object method of transformation class
[ 2025-12-25 15:20:14,065 ] 47 root - INFO - Initialize KNNImputer with {'missing_values': nan, 'n_neighbors': 3, 'weights': 'uniform'}
[ 2025-12-25 15:20:14,121 ] 47 root - INFO - entered the save_object method of MainUtils class
[ 2025-12-25 15:20:14,126 ] 51 root - INFO - Exited the save_object method of MainUtils class
[ 2025-12-25 15:20:14,130 ] 36 root - INFO - model training started
[ 2025-12-25 15:24:31,183 ] 47 root - INFO - entered the save_object method of MainUtils class
[ 2025-12-25 15:24:31,184 ] 51 root - INFO - Exited the save_object method of MainUtils class
[ 2025-12-25 15:24:31,184 ] 114 root - INFO - Model trainer artifact: ModelTrainerArtifact(trained_model_file_path='Artifacts\\12_25_2025_15_19_39\\model_trainer\\trained_model\\model.pkl', train_metric_artifact=ClassificationMetricArtifact(f1_score=0.9906731549067316, precision_score=0.9890688259109311, recall_score=0.9922826969943136), test_metric_artifact=ClassificationMetricArtifact(f1_score=0.9769696969696969, precision_score=0.9734299516908212, recall_score=0.9805352798053528))
[ 2025-12-25 15:24:31,184 ] 40 root - INFO - model training artifact created
