[ 2026-01-04 15:27:24,017 ] 1025 httpx - INFO - HTTP Request: GET https://dagshub.com/api/v1/user "HTTP/1.1 200 OK"
[ 2026-01-04 15:27:24,048 ] 107 dagshub - INFO - Accessing as venkannachowdary2000
[ 2026-01-04 15:27:25,048 ] 1025 httpx - INFO - HTTP Request: GET https://dagshub.com/api/v1/repos/venkannachowdary2000/mlopsproject "HTTP/1.1 200 OK"
[ 2026-01-04 15:27:26,007 ] 1025 httpx - INFO - HTTP Request: GET https://dagshub.com/api/v1/user "HTTP/1.1 200 OK"
[ 2026-01-04 15:27:26,007 ] 107 dagshub - INFO - Initialized MLflow to track repo "venkannachowdary2000/mlopsproject"
[ 2026-01-04 15:27:26,022 ] 107 dagshub - INFO - Repository venkannachowdary2000/mlopsproject initialized!
[ 2026-01-04 15:29:09,830 ] 38 root - INFO - start data ingestion
[ 2026-01-04 15:29:09,832 ] 33 root - INFO - exporting the data from mongodb to the feature_store
[ 2026-01-04 15:29:10,041 ] 35 root - INFO - connected to mongodb client: MongoClient(host=['ac-ukexc6j-shard-00-00.cqybkzu.mongodb.net:27017', 'ac-ukexc6j-shard-00-01.cqybkzu.mongodb.net:27017', 'ac-ukexc6j-shard-00-02.cqybkzu.mongodb.net:27017'], document_class=dict, tz_aware=False, connect=True, retrywrites=True, w='majority', appname='Cluster0', authsource='admin', replicaset='atlas-nh1fg6-shard-0', tls=True)
[ 2026-01-04 15:29:10,041 ] 38 root - INFO - fetching the data from database: NetworkSecurity andcollection: NetworkData
[ 2026-01-04 15:29:12,245 ] 40 root - INFO - Data shape: (11055, 32)
[ 2026-01-04 15:29:12,245 ] 43 root - INFO - Data shape after dropping _id column: (11055, 31)
[ 2026-01-04 15:29:12,351 ] 47 root - INFO - Data saved to feature store: Artifacts\01_04_2026_15_27_21\data_ingestion\feature_store\PhisingData.csv
[ 2026-01-04 15:29:12,367 ] 55 root - INFO - perform train test split on data
[ 2026-01-04 15:29:12,476 ] 60 root - INFO - export to train and test file path: Artifacts\01_04_2026_15_27_21\data_ingestion\ingested\train.csv and Artifacts\01_04_2026_15_27_21\data_ingestion\ingested\test.csv
[ 2026-01-04 15:29:12,476 ] 41 root - INFO - data ingestion completed and artifact: {data_ingestion_artifact}
[ 2026-01-04 15:29:12,492 ] 51 root - INFO - start data validation
[ 2026-01-04 15:29:12,523 ] 33 root - INFO - required number of columns:2
[ 2026-01-04 15:29:12,523 ] 34 root - INFO - Data frame has columns:31
[ 2026-01-04 15:29:12,523 ] 33 root - INFO - required number of columns:2
[ 2026-01-04 15:29:12,523 ] 34 root - INFO - Data frame has columns:31
[ 2026-01-04 15:29:12,834 ] 61 root - INFO - start data transformation
[ 2026-01-04 15:29:12,834 ] 56 root - INFO - Entered initiate_data_transformation method of DataTransformation class
[ 2026-01-04 15:29:12,834 ] 58 root - INFO - starting data transformation
[ 2026-01-04 15:29:12,904 ] 44 root - INFO - entered get_data_transformer_object method of transformation class
[ 2026-01-04 15:29:12,905 ] 47 root - INFO - Initialize KNNImputer with {'missing_values': nan, 'n_neighbors': 3, 'weights': 'uniform'}
[ 2026-01-04 15:29:12,925 ] 47 root - INFO - entered the save_object method of MainUtils class
[ 2026-01-04 15:29:12,925 ] 51 root - INFO - Exited the save_object method of MainUtils class
[ 2026-01-04 15:29:12,925 ] 47 root - INFO - entered the save_object method of MainUtils class
[ 2026-01-04 15:29:12,938 ] 51 root - INFO - Exited the save_object method of MainUtils class
[ 2026-01-04 15:34:50,023 ] 47 root - INFO - entered the save_object method of MainUtils class
[ 2026-01-04 15:34:50,023 ] 51 root - INFO - Exited the save_object method of MainUtils class
[ 2026-01-04 15:34:50,023 ] 47 root - INFO - entered the save_object method of MainUtils class
[ 2026-01-04 15:34:50,087 ] 51 root - INFO - Exited the save_object method of MainUtils class
[ 2026-01-04 15:34:50,087 ] 122 root - INFO - Model trainer artifact: ModelTrainerArtifact(trained_model_file_path='Artifacts\\01_04_2026_15_27_21\\model_trainer\\trained_model\\model.pkl', train_metric_artifact=ClassificationMetricArtifact(f1_score=0.9916886276099737, precision_score=0.9904839036242155, recall_score=0.9928962857722752), test_metric_artifact=ClassificationMetricArtifact(f1_score=0.9746274667740636, precision_score=0.965682362330407, recall_score=0.983739837398374))
